<?xml version="1.0" encoding="UTF-8"?>
<!-- Generated by org.testng.reporters.JUnitReportReporter -->
<testsuite hostname="DESKTOP-87TDS7T" failures="0" tests="1" name="tests.UserMenuTest" time="33.435" errors="0" timestamp="2023-09-13T11:01:12 CDT" skipped="0">
  <testcase classname="tests.UserMenuTest" name="userMenuDropDown_TC06" time="33.435"/>
</testsuite> <!-- tests.UserMenuTest -->
